app/build/intermediates/manifest_merge_blame_file/release/manifest-merger-blame-release-report.txt
1<?xml version="1.0" encoding="utf-8"?>
2<manifest xmlns:android="http://schemas.android.com/apk/res/android"
3    package="com.mojodigi.ninjafox"
4    android:versionCode="52"
5    android:versionName="6.1" >
6
7    <uses-sdk
8        android:minSdkVersion="21"
8-->src\main\AndroidManifest.xml
9        android:targetSdkVersion="29" />
9-->src\main\AndroidManifest.xml
10
11    <!-- Permission -->
12    <uses-permission android:name="android.permission.INTERNET" />
12-->src\main\AndroidManifest.xml:8:5-67
12-->src\main\AndroidManifest.xml:8:22-64
13    <uses-permission android:name="android.permission.ACCESS_NETWORK_STATE" />
13-->src\main\AndroidManifest.xml:9:5-79
13-->src\main\AndroidManifest.xml:9:22-76
14    <uses-permission android:name="android.permission.ACCESS_COARSE_LOCATION" />
14-->src\main\AndroidManifest.xml:10:5-81
14-->src\main\AndroidManifest.xml:10:22-78
15    <uses-permission android:name="android.permission.ACCESS_FINE_LOCATION" />
15-->src\main\AndroidManifest.xml:11:5-79
15-->src\main\AndroidManifest.xml:11:22-76
16    <uses-permission android:name="android.permission.READ_EXTERNAL_STORAGE" />
16-->src\main\AndroidManifest.xml:12:5-80
16-->src\main\AndroidManifest.xml:12:22-77
17    <uses-permission android:name="android.permission.WRITE_EXTERNAL_STORAGE" />
17-->src\main\AndroidManifest.xml:13:5-81
17-->src\main\AndroidManifest.xml:13:22-78
18    <uses-permission android:name="android.permission.ACCESS_WIFI_STATE" />
18-->src\main\AndroidManifest.xml:14:5-76
18-->src\main\AndroidManifest.xml:14:22-73
19    <uses-permission android:name="android.permission.CALL_PHONE" />
19-->src\main\AndroidManifest.xml:15:5-69
19-->src\main\AndroidManifest.xml:15:22-66
20    <uses-permission android:name="android.permission.SYSTEM_ALERT_WINDOW" />
20-->src\main\AndroidManifest.xml:16:5-78
20-->src\main\AndroidManifest.xml:16:22-75
21    <uses-permission android:name="android.permission.FOREGROUND_SERVICE" />
21-->src\main\AndroidManifest.xml:17:5-77
21-->src\main\AndroidManifest.xml:17:22-74
22    <uses-permission android:name="android.permission.READ_CONTACTS" />
22-->src\main\AndroidManifest.xml:18:5-72
22-->src\main\AndroidManifest.xml:18:22-69
23
24    <!-- Optional permission for Analytics to run. -->
25    <uses-permission android:name="android.permission.WAKE_LOCK" />
25-->[com.google.android.gms:play-services-analytics:16.0.7] AndroidManifest.xml:27:5-68
25-->[com.google.android.gms:play-services-analytics:16.0.7] AndroidManifest.xml:27:22-65
26    <uses-permission android:name="com.google.android.finsky.permission.BIND_GET_INSTALL_REFERRER_SERVICE" /> <!-- Required by older versions of Google Play services to create IID tokens -->
26-->[com.android.installreferrer:installreferrer:1.1.2] AndroidManifest.xml:9:5-110
26-->[com.android.installreferrer:installreferrer:1.1.2] AndroidManifest.xml:9:22-107
27    <uses-permission android:name="com.google.android.c2dm.permission.RECEIVE" />
27-->[com.google.firebase:firebase-iid:17.0.4] AndroidManifest.xml:26:5-82
27-->[com.google.firebase:firebase-iid:17.0.4] AndroidManifest.xml:26:22-79
28
29    <application
29-->src\main\AndroidManifest.xml:20:5-233:19
30        android:name="com.mojodigi.ninjafox.Application.MyApplication"
30-->src\main\AndroidManifest.xml:21:9-50
31        android:allowBackup="true"
31-->src\main\AndroidManifest.xml:22:9-35
32        android:appComponentFactory="android.support.v4.app.CoreComponentFactory"
32-->[com.android.support:support-compat:28.0.0] AndroidManifest.xml:22:18-91
33        android:enabled="true"
33-->src\main\AndroidManifest.xml:23:9-31
34        android:icon="@drawable/ic_launcher"
34-->src\main\AndroidManifest.xml:24:9-45
35        android:label="@string/app_name"
35-->src\main\AndroidManifest.xml:25:9-41
36        android:largeHeap="true"
36-->src\main\AndroidManifest.xml:26:9-33
37        android:requestLegacyExternalStorage="true"
37-->src\main\AndroidManifest.xml:29:9-52
38        android:roundIcon="@drawable/ic_launcher_round"
38-->src\main\AndroidManifest.xml:27:9-56
39        android:usesCleartextTraffic="true" >
39-->src\main\AndroidManifest.xml:28:9-44
40        <activity
40-->src\main\AndroidManifest.xml:32:9-35:59
41            android:name="com.mojodigi.ninjafox.Activity.SignInActivity"
41-->src\main\AndroidManifest.xml:33:13-52
42            android:screenOrientation="portrait"
42-->src\main\AndroidManifest.xml:34:13-49
43            android:theme="@style/BrowserActivityTheme2" />
43-->src\main\AndroidManifest.xml:35:13-57
44        <activity
44-->src\main\AndroidManifest.xml:36:9-39:60
45            android:name="com.mojodigi.ninjafox.Activity.SignUpActivity"
45-->src\main\AndroidManifest.xml:37:13-52
46            android:screenOrientation="portrait"
46-->src\main\AndroidManifest.xml:38:13-49
47            android:theme="@style/BrowserActivityTheme2" />
47-->src\main\AndroidManifest.xml:39:13-57
48        <activity
48-->src\main\AndroidManifest.xml:41:9-44:59
49            android:name="com.mojodigi.ninjafox.Activity.SuggestedAppsActivity"
49-->src\main\AndroidManifest.xml:42:13-59
50            android:screenOrientation="portrait"
50-->src\main\AndroidManifest.xml:43:13-49
51            android:theme="@style/BrowserActivityTheme" />
51-->src\main\AndroidManifest.xml:44:13-56
52        <activity
52-->src\main\AndroidManifest.xml:46:9-61:20
53            android:name="com.mojodigi.ninjafox.Activity.HolderActivity"
53-->src\main\AndroidManifest.xml:47:13-52
54            android:label="@string/app_name"
54-->src\main\AndroidManifest.xml:48:13-45
55            android:launchMode="singleTask"
55-->src\main\AndroidManifest.xml:49:13-44
56            android:screenOrientation="portrait"
56-->src\main\AndroidManifest.xml:50:13-49
57            android:theme="@style/BrowserActivityTheme" >
57-->src\main\AndroidManifest.xml:51:13-56
58            <intent-filter>
58-->src\main\AndroidManifest.xml:52:13-60:29
59                <action android:name="android.intent.action.VIEW" />
59-->src\main\AndroidManifest.xml:53:17-69
59-->src\main\AndroidManifest.xml:53:25-66
60
61                <category android:name="android.intent.category.DEFAULT" />
61-->src\main\AndroidManifest.xml:55:17-76
61-->src\main\AndroidManifest.xml:55:27-73
62                <category android:name="android.intent.category.BROWSABLE" />
62-->src\main\AndroidManifest.xml:56:17-78
62-->src\main\AndroidManifest.xml:56:27-75
63
64                <data android:scheme="@string/app_scheme_http" />
64-->src\main\AndroidManifest.xml:58:17-66
64-->src\main\AndroidManifest.xml:58:23-63
65                <data android:scheme="@string/app_scheme_https" />
65-->src\main\AndroidManifest.xml:58:17-66
65-->src\main\AndroidManifest.xml:58:23-63
66            </intent-filter>
67        </activity> <!-- HolderService -->
68        <service
68-->src\main\AndroidManifest.xml:62:9-65:48
69            android:name="com.mojodigi.ninjafox.Service.HolderService"
69-->src\main\AndroidManifest.xml:63:13-50
70            android:icon="@drawable/ic_launcher"
70-->src\main\AndroidManifest.xml:64:13-49
71            android:label="@string/app_name" /> <!-- MainActivity -->
71-->src\main\AndroidManifest.xml:65:13-45
72        <activity
72-->src\main\AndroidManifest.xml:66:9-74:20
73            android:name="com.mojodigi.ninjafox.Activity.SplashActivity"
73-->src\main\AndroidManifest.xml:67:13-52
74            android:screenOrientation="portrait"
74-->src\main\AndroidManifest.xml:68:13-49
75            android:theme="@style/Theme.AppCompat.NoActionBar" >
75-->src\main\AndroidManifest.xml:69:13-63
76            <intent-filter>
76-->src\main\AndroidManifest.xml:70:13-73:29
77                <action android:name="android.intent.action.MAIN" />
77-->src\main\AndroidManifest.xml:71:17-69
77-->src\main\AndroidManifest.xml:71:25-66
78
79                <category android:name="android.intent.category.LAUNCHER" />
79-->src\main\AndroidManifest.xml:72:17-77
79-->src\main\AndroidManifest.xml:72:27-74
80            </intent-filter>
81        </activity>
82        <activity
82-->src\main\AndroidManifest.xml:76:9-77:61
83            android:name="com.mojodigi.ninjafox.Activity.WebViewActivity"
83-->src\main\AndroidManifest.xml:76:19-59
84            android:screenOrientation="portrait"
84-->src\main\AndroidManifest.xml:77:13-49
85            android:theme="@style/BrowserActivityTheme" />
85-->src\main\AndroidManifest.xml:76:61-104
86
87        <!-- android:windowSoftInputMode="adjustResize" -->
88        <!-- android:launchMode="singleInstance"    from mainActivity -->
89        <activity
89-->src\main\AndroidManifest.xml:81:9-99:20
90            android:name="com.mojodigi.ninjafox.Activity.MainActivity"
90-->src\main\AndroidManifest.xml:82:13-50
91            android:configChanges="orientation|keyboardHidden|screenSize"
91-->src\main\AndroidManifest.xml:83:13-74
92            android:label="@string/app_name"
92-->src\main\AndroidManifest.xml:84:13-45
93            android:launchMode="singleTop"
93-->src\main\AndroidManifest.xml:85:13-43
94            android:screenOrientation="portrait"
94-->src\main\AndroidManifest.xml:86:13-49
95            android:theme="@style/BrowserActivityTheme2"
95-->src\main\AndroidManifest.xml:87:13-57
96            android:windowSoftInputMode="adjustNothing" >
96-->src\main\AndroidManifest.xml:88:13-56
97            <intent-filter>
97-->src\main\AndroidManifest.xml:89:13-94:29
98
99                <!-- <action android:name="android.intent.action.MAIN"/> -->
100                <action android:name="android.intent.action.WEB_SEARCH" />
100-->src\main\AndroidManifest.xml:91:17-75
100-->src\main\AndroidManifest.xml:91:25-72
101
102                <category android:name="android.intent.category.DEFAULT" />
102-->src\main\AndroidManifest.xml:55:17-76
102-->src\main\AndroidManifest.xml:55:27-73
103                <!-- <category android:name="android.intent.category.LAUNCHER"/> -->
104            </intent-filter>
105
106            <meta-data
106-->src\main\AndroidManifest.xml:96:13-98:54
107                android:name="android.app.searchable"
107-->src\main\AndroidManifest.xml:97:17-54
108                android:resource="@xml/searchable" />
108-->src\main\AndroidManifest.xml:98:17-51
109        </activity> <!-- SettingActivity -->
110        <activity
110-->src\main\AndroidManifest.xml:100:9-104:59
111            android:name="com.mojodigi.ninjafox.Activity.SettingActivity"
111-->src\main\AndroidManifest.xml:101:13-53
112            android:label="@string/setting_label"
112-->src\main\AndroidManifest.xml:102:13-50
113            android:screenOrientation="portrait"
113-->src\main\AndroidManifest.xml:103:13-49
114            android:theme="@style/SettingActivityTheme" />
114-->src\main\AndroidManifest.xml:104:13-56
115        <activity
115-->src\main\AndroidManifest.xml:105:9-109:59
116            android:name="com.mojodigi.ninjafox.Activity.DownLoadSettingActivity"
116-->src\main\AndroidManifest.xml:106:13-61
117            android:label="@string/download_settings_label"
117-->src\main\AndroidManifest.xml:107:13-60
118            android:screenOrientation="portrait"
118-->src\main\AndroidManifest.xml:108:13-49
119            android:theme="@style/SettingActivityTheme" />
119-->src\main\AndroidManifest.xml:109:13-56
120        <activity
120-->src\main\AndroidManifest.xml:110:9-114:59
121            android:name="com.mojodigi.ninjafox.Activity.FeedBackActivity"
121-->src\main\AndroidManifest.xml:111:13-54
122            android:label="Feedback"
122-->src\main\AndroidManifest.xml:112:13-37
123            android:screenOrientation="portrait"
123-->src\main\AndroidManifest.xml:113:13-49
124            android:theme="@style/SettingActivityTheme" />
124-->src\main\AndroidManifest.xml:114:13-56
125        <activity
125-->src\main\AndroidManifest.xml:115:9-118:59
126            android:name="com.mojodigi.ninjafox.Activity.RecentListActivity"
126-->src\main\AndroidManifest.xml:116:13-56
127            android:screenOrientation="portrait"
127-->src\main\AndroidManifest.xml:117:13-49
128            android:theme="@style/BrowserActivityTheme" />
128-->src\main\AndroidManifest.xml:118:13-56
129        <activity
129-->src\main\AndroidManifest.xml:119:9-122:59
130            android:name="com.mojodigi.ninjafox.Activity.MostVisistedActiity"
130-->src\main\AndroidManifest.xml:120:13-57
131            android:screenOrientation="portrait"
131-->src\main\AndroidManifest.xml:121:13-49
132            android:theme="@style/BrowserActivityTheme" />
132-->src\main\AndroidManifest.xml:122:13-56
133        <activity
133-->src\main\AndroidManifest.xml:124:9-127:59
134            android:name="com.mojodigi.ninjafox.Activity.SalesActivity"
134-->src\main\AndroidManifest.xml:125:13-51
135            android:screenOrientation="portrait"
135-->src\main\AndroidManifest.xml:126:13-49
136            android:theme="@style/BrowserActivityTheme" />
136-->src\main\AndroidManifest.xml:127:13-56
137        <activity
137-->src\main\AndroidManifest.xml:128:9-131:59
138            android:name="com.mojodigi.ninjafox.Activity.SalesActivity_Product"
138-->src\main\AndroidManifest.xml:129:13-59
139            android:screenOrientation="portrait"
139-->src\main\AndroidManifest.xml:130:13-49
140            android:theme="@style/BrowserActivityTheme" />
140-->src\main\AndroidManifest.xml:131:13-56
141        <activity
141-->src\main\AndroidManifest.xml:133:9-136:59
142            android:name="com.mojodigi.ninjafox.Activity.SalesActivity_Product2"
142-->src\main\AndroidManifest.xml:134:13-60
143            android:screenOrientation="portrait"
143-->src\main\AndroidManifest.xml:135:13-49
144            android:theme="@style/BrowserActivityTheme" />
144-->src\main\AndroidManifest.xml:136:13-56
145        <activity
145-->src\main\AndroidManifest.xml:138:9-141:59
146            android:name="com.mojodigi.ninjafox.Activity.SalesActivity_Product3"
146-->src\main\AndroidManifest.xml:139:13-60
147            android:screenOrientation="portrait"
147-->src\main\AndroidManifest.xml:140:13-49
148            android:theme="@style/BrowserActivityTheme" />
148-->src\main\AndroidManifest.xml:141:13-56
149        <activity
149-->src\main\AndroidManifest.xml:143:9-146:59
150            android:name="com.mojodigi.ninjafox.Activity.BlockListActivity"
150-->src\main\AndroidManifest.xml:144:13-55
151            android:screenOrientation="portrait"
151-->src\main\AndroidManifest.xml:145:13-49
152            android:theme="@style/BrowserActivityTheme" />
152-->src\main\AndroidManifest.xml:146:13-56
153        <activity
153-->src\main\AndroidManifest.xml:147:9-150:59
154            android:name="com.mojodigi.ninjafox.Activity.LanguagePrefsActivity"
154-->src\main\AndroidManifest.xml:148:13-59
155            android:screenOrientation="portrait"
155-->src\main\AndroidManifest.xml:149:13-49
156            android:theme="@style/BrowserActivityTheme" />
156-->src\main\AndroidManifest.xml:150:13-56
157        <activity
157-->src\main\AndroidManifest.xml:152:9-155:52
158            android:name="com.facebook.ads.AudienceNetworkActivity"
158-->src\main\AndroidManifest.xml:153:13-68
159            android:configChanges="keyboardHidden|orientation|screenSize"
159-->src\main\AndroidManifest.xml:154:13-74
160            android:exported="false"
160-->[com.facebook.android:audience-network-sdk:5.7.1] AndroidManifest.xml:18:13-37
161            android:screenOrientation="portrait"
161-->src\main\AndroidManifest.xml:155:13-49
162            android:theme="@android:style/Theme.Translucent.NoTitleBar" />
162-->[com.facebook.android:audience-network-sdk:5.7.1] AndroidManifest.xml:19:13-72
163        <!-- to  show  interesitial adds uisng smaato -->
164        <!-- WhitelistActivity -->
165        <activity
165-->src\main\AndroidManifest.xml:158:9-162:61
166            android:name="com.mojodigi.ninjafox.Activity.WhitelistActivity"
166-->src\main\AndroidManifest.xml:159:13-55
167            android:label="@string/whitelist_label"
167-->src\main\AndroidManifest.xml:160:13-52
168            android:screenOrientation="portrait"
168-->src\main\AndroidManifest.xml:161:13-49
169            android:theme="@style/WhitelistActivityTheme" />
169-->src\main\AndroidManifest.xml:162:13-58
170        <!-- TokenActivity -->
171        <activity
171-->src\main\AndroidManifest.xml:164:9-168:57
172            android:name="com.mojodigi.ninjafox.Activity.TokenActivity"
172-->src\main\AndroidManifest.xml:165:13-51
173            android:label="@string/token_label"
173-->src\main\AndroidManifest.xml:166:13-48
174            android:screenOrientation="portrait"
174-->src\main\AndroidManifest.xml:167:13-49
175            android:theme="@style/TokenActivityTheme" />
175-->src\main\AndroidManifest.xml:168:13-54
176        <!-- ClearActivity -->
177        <activity
177-->src\main\AndroidManifest.xml:170:9-174:57
178            android:name="com.mojodigi.ninjafox.Activity.ClearActivity"
178-->src\main\AndroidManifest.xml:171:13-51
179            android:label="@string/clear_label"
179-->src\main\AndroidManifest.xml:172:13-48
180            android:screenOrientation="portrait"
180-->src\main\AndroidManifest.xml:173:13-49
181            android:theme="@style/ClearActivityTheme" />
181-->src\main\AndroidManifest.xml:174:13-54
182        <!-- ClearService -->
183        <service
183-->src\main\AndroidManifest.xml:176:9-179:48
184            android:name="com.mojodigi.ninjafox.Service.ClearService"
184-->src\main\AndroidManifest.xml:177:13-49
185            android:icon="@drawable/ic_launcher"
185-->src\main\AndroidManifest.xml:178:13-49
186            android:label="@string/app_name" />
186-->src\main\AndroidManifest.xml:179:13-45
187        <!-- firebase  messaging -->
188        <service
188-->src\main\AndroidManifest.xml:181:9-189:19
189            android:name="com.mojodigi.ninjafox.firebase.MyFirebaseMessagingService"
189-->src\main\AndroidManifest.xml:182:13-64
190            android:enabled="true"
190-->src\main\AndroidManifest.xml:183:13-35
191            android:stopWithTask="false" >
191-->src\main\AndroidManifest.xml:184:13-41
192            <intent-filter>
192-->src\main\AndroidManifest.xml:185:13-188:29
193                <action android:name="com.google.firebase.MESSAGING_EVENT" />
193-->src\main\AndroidManifest.xml:186:17-78
193-->src\main\AndroidManifest.xml:186:25-75
194                <action android:name="com.google.android.c2dm.intent.RECEIVE" />
194-->src\main\AndroidManifest.xml:187:17-81
194-->src\main\AndroidManifest.xml:187:25-78
195            </intent-filter>
196        </service>
197
198        <!-- for pushNotification -->
199        <meta-data
199-->src\main\AndroidManifest.xml:192:9-194:56
200            android:name="com.google.firebase.messaging.default_notification_icon"
200-->src\main\AndroidManifest.xml:193:13-83
201            android:resource="@drawable/ic_fcm_icon" />
201-->src\main\AndroidManifest.xml:194:13-53
202        <meta-data
202-->src\main\AndroidManifest.xml:195:9-197:52
203            android:name="com.google.firebase.messaging.default_notification_color"
203-->src\main\AndroidManifest.xml:196:13-84
204            android:resource="@color/color_icon" />
204-->src\main\AndroidManifest.xml:197:13-49
205
206        <!-- for pushNotification -->
207
208
209        <!-- for google location api -->
210        <meta-data
210-->src\main\AndroidManifest.xml:202:9-204:69
211            android:name="com.google.android.gms.version"
211-->src\main\AndroidManifest.xml:203:13-58
212            android:value="@integer/google_play_services_version" />
212-->src\main\AndroidManifest.xml:204:13-66
213        <meta-data
213-->src\main\AndroidManifest.xml:205:9-207:54
214            android:name="com.google.android.geo.API_KEY"
214-->src\main\AndroidManifest.xml:206:13-58
215            android:value="@string/google_api_key" />
215-->src\main\AndroidManifest.xml:207:13-51
216
217        <service
217-->src\main\AndroidManifest.xml:209:9-211:40
218            android:name="com.mojodigi.ninjafox.Service.GetAddressIntentService"
218-->src\main\AndroidManifest.xml:210:13-60
219            android:exported="false" />
219-->src\main\AndroidManifest.xml:211:13-37
220        <!-- for google location api -->
221
222
223        <!-- for job intent class -->
224        <service
224-->src\main\AndroidManifest.xml:215:9-218:72
225            android:name="com.mojodigi.ninjafox.Service.getAddressJobIntentService"
225-->src\main\AndroidManifest.xml:216:13-63
226            android:exported="false"
226-->src\main\AndroidManifest.xml:217:13-37
227            android:permission="android.permission.BIND_JOB_SERVICE" />
227-->src\main\AndroidManifest.xml:218:13-69
228
229        <receiver
229-->src\main\AndroidManifest.xml:220:9-225:20
230            android:name="com.mojodigi.ninjafox.BroadCast.DownloadReceiver"
230-->src\main\AndroidManifest.xml:221:13-55
231            android:label="DownloadReceiver" >
231-->src\main\AndroidManifest.xml:222:13-45
232        </receiver>
233
234        <service
234-->src\main\AndroidManifest.xml:227:9-230:40
235            android:name="com.mojodigi.ninjafox.DownlaodModule.DownloadService"
235-->src\main\AndroidManifest.xml:228:13-59
236            android:enabled="true"
236-->src\main\AndroidManifest.xml:229:13-35
237            android:exported="false" />
237-->src\main\AndroidManifest.xml:230:13-37
238
239        <!--
240             FirebaseMessagingService performs security checks at runtime,
241             no need for explicit permissions despite exported="true"
242        -->
243        <service
243-->[com.google.firebase:firebase-messaging:17.3.4] AndroidManifest.xml:28:9-34:19
244            android:name="com.google.firebase.messaging.FirebaseMessagingService"
244-->[com.google.firebase:firebase-messaging:17.3.4] AndroidManifest.xml:29:13-82
245            android:exported="true" >
245-->[com.google.firebase:firebase-messaging:17.3.4] AndroidManifest.xml:30:13-36
246            <intent-filter android:priority="-500" >
246-->[com.google.firebase:firebase-messaging:17.3.4] AndroidManifest.xml:31:13-33:29
246-->[com.google.firebase:firebase-messaging:17.3.4] AndroidManifest.xml:31:28-51
247                <action android:name="com.google.firebase.MESSAGING_EVENT" />
247-->src\main\AndroidManifest.xml:186:17-78
247-->src\main\AndroidManifest.xml:186:25-75
248            </intent-filter>
249        </service>
250
251        <receiver
251-->[com.google.android.gms:play-services-analytics:16.0.7] AndroidManifest.xml:30:9-34:20
252            android:name="com.google.android.gms.analytics.AnalyticsReceiver"
252-->[com.google.android.gms:play-services-analytics:16.0.7] AndroidManifest.xml:31:13-78
253            android:enabled="true"
253-->[com.google.android.gms:play-services-analytics:16.0.7] AndroidManifest.xml:32:13-35
254            android:exported="false" >
254-->[com.google.android.gms:play-services-analytics:16.0.7] AndroidManifest.xml:33:13-37
255        </receiver>
256
257        <service
257-->[com.google.android.gms:play-services-analytics:16.0.7] AndroidManifest.xml:36:9-39:40
258            android:name="com.google.android.gms.analytics.AnalyticsService"
258-->[com.google.android.gms:play-services-analytics:16.0.7] AndroidManifest.xml:37:13-77
259            android:enabled="true"
259-->[com.google.android.gms:play-services-analytics:16.0.7] AndroidManifest.xml:38:13-35
260            android:exported="false" />
260-->[com.google.android.gms:play-services-analytics:16.0.7] AndroidManifest.xml:39:13-37
261        <service
261-->[com.google.android.gms:play-services-analytics:16.0.7] AndroidManifest.xml:40:9-44:72
262            android:name="com.google.android.gms.analytics.AnalyticsJobService"
262-->[com.google.android.gms:play-services-analytics:16.0.7] AndroidManifest.xml:41:13-80
263            android:enabled="true"
263-->[com.google.android.gms:play-services-analytics:16.0.7] AndroidManifest.xml:42:13-35
264            android:exported="false"
264-->[com.google.android.gms:play-services-analytics:16.0.7] AndroidManifest.xml:43:13-37
265            android:permission="android.permission.BIND_JOB_SERVICE" />
265-->[com.google.android.gms:play-services-analytics:16.0.7] AndroidManifest.xml:44:13-69
266
267        <activity
267-->[com.google.firebase:firebase-auth:16.0.5] AndroidManifest.xml:24:9-31:50
268            android:name="com.google.firebase.auth.internal.FederatedSignInActivity"
268-->[com.google.firebase:firebase-auth:16.0.5] AndroidManifest.xml:25:13-85
269            android:excludeFromRecents="true"
269-->[com.google.firebase:firebase-auth:16.0.5] AndroidManifest.xml:26:13-46
270            android:exported="true"
270-->[com.google.firebase:firebase-auth:16.0.5] AndroidManifest.xml:27:13-36
271            android:launchMode="singleTask"
271-->[com.google.firebase:firebase-auth:16.0.5] AndroidManifest.xml:28:13-44
272            android:permission="com.google.firebase.auth.api.gms.permission.LAUNCH_FEDERATED_SIGN_IN"
272-->[com.google.firebase:firebase-auth:16.0.5] AndroidManifest.xml:29:13-102
273            android:theme="@android:style/Theme.Translucent.NoTitleBar" />
273-->[com.google.firebase:firebase-auth:16.0.5] AndroidManifest.xml:30:13-72
274
275        <service
275-->[com.google.firebase:firebase-auth:16.0.5] AndroidManifest.xml:33:9-39:19
276            android:name="com.google.firebase.components.ComponentDiscoveryService"
276-->[com.google.firebase:firebase-auth:16.0.5] AndroidManifest.xml:34:13-84
277            android:exported="false" >
277-->[com.google.firebase:firebase-auth:16.0.5] AndroidManifest.xml:35:13-37
278            <meta-data
278-->[com.google.firebase:firebase-auth:16.0.5] AndroidManifest.xml:36:13-38:85
279                android:name="com.google.firebase.components:com.google.firebase.auth.FirebaseAuthRegistrar"
279-->[com.google.firebase:firebase-auth:16.0.5] AndroidManifest.xml:37:17-109
280                android:value="com.google.firebase.components.ComponentRegistrar" />
280-->[com.google.firebase:firebase-auth:16.0.5] AndroidManifest.xml:38:17-82
281            <meta-data
281-->[com.google.firebase:firebase-measurement-connector-impl:17.0.5] AndroidManifest.xml:28:13-30:85
282                android:name="com.google.firebase.components:com.google.firebase.analytics.connector.internal.AnalyticsConnectorRegistrar"
282-->[com.google.firebase:firebase-measurement-connector-impl:17.0.5] AndroidManifest.xml:29:17-139
283                android:value="com.google.firebase.components.ComponentRegistrar" />
283-->[com.google.firebase:firebase-measurement-connector-impl:17.0.5] AndroidManifest.xml:30:17-82
284            <meta-data
284-->[com.google.firebase:firebase-iid:17.0.4] AndroidManifest.xml:32:13-34:85
285                android:name="com.google.firebase.components:com.google.firebase.iid.Registrar"
285-->[com.google.firebase:firebase-iid:17.0.4] AndroidManifest.xml:33:17-96
286                android:value="com.google.firebase.components.ComponentRegistrar" />
286-->[com.google.firebase:firebase-iid:17.0.4] AndroidManifest.xml:34:17-82
287        </service>
288
289        <activity
289-->[com.google.android.gms:play-services-auth:16.0.1] AndroidManifest.xml:23:9-27:75
290            android:name="com.google.android.gms.auth.api.signin.internal.SignInHubActivity"
290-->[com.google.android.gms:play-services-auth:16.0.1] AndroidManifest.xml:24:13-93
291            android:excludeFromRecents="true"
291-->[com.google.android.gms:play-services-auth:16.0.1] AndroidManifest.xml:25:13-46
292            android:exported="false"
292-->[com.google.android.gms:play-services-auth:16.0.1] AndroidManifest.xml:26:13-37
293            android:theme="@android:style/Theme.Translucent.NoTitleBar" />
293-->[com.google.android.gms:play-services-auth:16.0.1] AndroidManifest.xml:27:13-72
294        <!--
295            Service handling Google Sign-In user revocation. For apps that do not integrate with
296            Google Sign-In, this service will never be started.
297        -->
298        <service
298-->[com.google.android.gms:play-services-auth:16.0.1] AndroidManifest.xml:33:9-36:110
299            android:name="com.google.android.gms.auth.api.signin.RevocationBoundService"
299-->[com.google.android.gms:play-services-auth:16.0.1] AndroidManifest.xml:34:13-89
300            android:exported="true"
300-->[com.google.android.gms:play-services-auth:16.0.1] AndroidManifest.xml:35:13-36
301            android:permission="com.google.android.gms.auth.api.signin.permission.REVOCATION_NOTIFICATION" /> <!-- Yandex Mobile Metrica Analytics: common service -->
301-->[com.google.android.gms:play-services-auth:16.0.1] AndroidManifest.xml:36:13-107
302        <service
302-->[com.yandex.android:mobmetricalib:3.5.3] AndroidManifest.xml:26:9-43:19
303            android:name="com.yandex.metrica.MetricaService"
303-->[com.yandex.android:mobmetricalib:3.5.3] AndroidManifest.xml:27:13-61
304            android:enabled="true"
304-->[com.yandex.android:mobmetricalib:3.5.3] AndroidManifest.xml:28:13-35
305            android:exported="true"
305-->[com.yandex.android:mobmetricalib:3.5.3] AndroidManifest.xml:29:13-36
306            android:process=":Metrica" >
306-->[com.yandex.android:mobmetricalib:3.5.3] AndroidManifest.xml:30:13-39
307            <intent-filter>
307-->[com.yandex.android:mobmetricalib:3.5.3] AndroidManifest.xml:32:13-38:29
308                <category android:name="android.intent.category.DEFAULT" />
308-->src\main\AndroidManifest.xml:55:17-76
308-->src\main\AndroidManifest.xml:55:27-73
309
310                <action android:name="com.yandex.metrica.IMetricaService" />
310-->[com.yandex.android:mobmetricalib:3.5.3] AndroidManifest.xml:35:17-77
310-->[com.yandex.android:mobmetricalib:3.5.3] AndroidManifest.xml:35:25-74
311
312                <data android:scheme="metrica" />
312-->src\main\AndroidManifest.xml:58:17-66
312-->src\main\AndroidManifest.xml:58:23-63
313            </intent-filter>
314